[debug] [2026-07-03T13:02:11.112Z] ----------------------------------------------------------------------
[debug] [2026-07-03T13:02:11.115Z] Command:       C:\Program Files\nodejs\node.exe C:\Users\Tibra's\AppData\Roaming\npm\node_modules\firebase-tools\lib\bin\firebase.js emulators:start --only functions
[debug] [2026-07-03T13:02:11.115Z] CLI Version:   15.22.4
[debug] [2026-07-03T13:02:11.115Z] Platform:      win32
[debug] [2026-07-03T13:02:11.116Z] Node Version:  v24.16.0
[debug] [2026-07-03T13:02:11.116Z] Detected Agent: antigravity
[debug] [2026-07-03T13:02:11.116Z] Time:          Fri Jul 03 2026 18:32:11 GMT+0530 (India Standard Time)
[debug] [2026-07-03T13:02:11.116Z] ----------------------------------------------------------------------
[debug] 
[debug] [2026-07-03T13:02:14.348Z] > command requires scopes: ["email","openid","https://www.googleapis.com/auth/cloudplatformprojects.readonly","https://www.googleapis.com/auth/firebase","https://www.googleapis.com/auth/cloud-platform"]
[debug] [2026-07-03T13:02:14.349Z] > authorizing via signed-in user (mehultibra@gmail.com)
[info] i  emulators: Starting emulators: functions {"metadata":{"emulator":{"name":"hub"},"message":"Starting emulators: functions"}}
[debug] [2026-07-03T13:02:14.379Z] [logging] Logging Emulator only supports listening on one address (127.0.0.1). Not listening on ::1
[debug] [2026-07-03T13:02:14.380Z] assigned listening specs for emulators {"user":{"hub":[{"address":"127.0.0.1","family":"IPv4","port":4400},{"address":"::1","family":"IPv6","port":4400}],"ui":[{"address":"127.0.0.1","family":"IPv4","port":4000},{"address":"::1","family":"IPv6","port":4000}],"logging":[{"address":"127.0.0.1","family":"IPv4","port":4500}]},"metadata":{"message":"assigned listening specs for emulators"}}
[debug] [2026-07-03T13:02:14.384Z] Write emulator hub locator at C:\Users\Tibra's\AppData\Local\Temp\hub-durga-sarees.json
[debug] [2026-07-03T13:02:14.399Z] [functions] Functions Emulator only supports listening on one address (127.0.0.1). Not listening on ::1
[debug] [2026-07-03T13:02:14.399Z] [eventarc] Eventarc Emulator only supports listening on one address (127.0.0.1). Not listening on ::1
[debug] [2026-07-03T13:02:14.399Z] [tasks] Cloud Tasks Emulator only supports listening on one address (127.0.0.1). Not listening on ::1
[debug] [2026-07-03T13:02:14.400Z] late-assigned ports for functions and eventarc emulators {"user":{"hub":[{"address":"127.0.0.1","family":"IPv4","port":4400},{"address":"::1","family":"IPv6","port":4400}],"ui":[{"address":"127.0.0.1","family":"IPv4","port":4000},{"address":"::1","family":"IPv6","port":4000}],"logging":[{"address":"127.0.0.1","family":"IPv4","port":4500}],"functions":[{"address":"127.0.0.1","family":"IPv4","port":5001}],"eventarc":[{"address":"127.0.0.1","family":"IPv4","port":9299}],"tasks":[{"address":"127.0.0.1","family":"IPv4","port":9499}]},"metadata":{"message":"late-assigned ports for functions and eventarc emulators"}}
[warn] !  functions: The following emulators are not running, calls to these services from the Functions emulator will affect production: apphosting, auth, firestore, database, hosting, pubsub, storage, dataconnect {"metadata":{"emulator":{"name":"functions"},"message":"The following emulators are not running, calls to these services from the Functions emulator will affect production: \u001b[1mapphosting, auth, firestore, database, hosting, pubsub, storage, dataconnect\u001b[22m"}}
[debug] [2026-07-03T13:02:14.420Z] defaultcredentials: writing to file C:\Users\Tibra's\AppData\Roaming\firebase\mehultibra_gmail_com_application_default_credentials.json
[debug] [2026-07-03T13:02:14.421Z] Setting GAC to C:\Users\Tibra's\AppData\Roaming\firebase\mehultibra_gmail_com_application_default_credentials.json {"metadata":{"emulator":{"name":"functions"},"message":"Setting GAC to C:\\Users\\Tibra's\\AppData\\Roaming\\firebase\\mehultibra_gmail_com_application_default_credentials.json"}}
[debug] [2026-07-03T13:02:14.422Z] Checked if tokens are valid: true, expires at: 1783085341386
[debug] [2026-07-03T13:02:14.423Z] Checked if tokens are valid: true, expires at: 1783085341386
[debug] [2026-07-03T13:02:14.423Z] >>> [apiv2][query] GET https://firebase.googleapis.com/v1beta1/projects/durga-sarees/adminSdkConfig [none]
[debug] [2026-07-03T13:02:15.404Z] <<< [apiv2][status] GET https://firebase.googleapis.com/v1beta1/projects/durga-sarees/adminSdkConfig 200
[debug] [2026-07-03T13:02:15.404Z] <<< [apiv2][body] GET https://firebase.googleapis.com/v1beta1/projects/durga-sarees/adminSdkConfig {"projectId":"durga-sarees","storageBucket":"durga-sarees.firebasestorage.app"}
[info] i  ui: downloading ui-v1.15.0.zip... {"metadata":{"emulator":{"name":"ui"},"message":"downloading ui-v1.15.0.zip..."}}
[debug] [2026-07-03T13:02:15.431Z] >>> [apiv2][query] GET https://storage.googleapis.com/firebase-preview-drop/emulator/ui-v1.15.0.zip 
[debug] [2026-07-03T13:02:16.160Z] <<< [apiv2][status] GET https://storage.googleapis.com/firebase-preview-drop/emulator/ui-v1.15.0.zip 200
[debug] [2026-07-03T13:02:16.160Z] <<< [apiv2][body] GET https://storage.googleapis.com/firebase-preview-drop/emulator/ui-v1.15.0.zip [stream]
[debug] [2026-07-03T13:02:18.493Z] Data is 3538469
[debug] [2026-07-03T13:02:18.494Z] [unzip] Entry: client/ (compressed_size=0 bytes, uncompressed_size=0 bytes)
[debug] [2026-07-03T13:02:18.494Z] [unzip] Processing entry: client\
[debug] [2026-07-03T13:02:18.494Z] [unzip] mkdir: C:\Users\Tibra's\.cache\firebase\emulators\ui-v1.15.0\client\
[debug] [2026-07-03T13:02:18.495Z] [unzip] Entry: client/favicon-16x16.png (compressed_size=293 bytes, uncompressed_size=293 bytes)
[debug] [2026-07-03T13:02:18.495Z] [unzip] Processing entry: client\favicon-16x16.png
[debug] [2026-07-03T13:02:18.495Z] [unzip] else mkdir: C:\Users\Tibra's\.cache\firebase\emulators\ui-v1.15.0\client
[debug] [2026-07-03T13:02:18.495Z] [unzip] Writing file: C:\Users\Tibra's\.cache\firebase\emulators\ui-v1.15.0\client\favicon-16x16.png
[debug] [2026-07-03T13:02:18.505Z] [unzip] Entry: client/safari-pinned-tab.svg (compressed_size=1433 bytes, uncompressed_size=2611 bytes)
[debug] [2026-07-03T13:02:18.506Z] [unzip] Processing entry: client\safari-pinned-tab.svg
[debug] [2026-07-03T13:02:18.506Z] [unzip] else mkdir: C:\Users\Tibra's\.cache\firebase\emulators\ui-v1.15.0\client
[debug] [2026-07-03T13:02:18.506Z] [unzip] deflating: C:\Users\Tibra's\.cache\firebase\emulators\ui-v1.15.0\client\safari-pinned-tab.svg
[debug] [2026-07-03T13:02:18.509Z] [unzip] Entry: client/favicon.ico (compressed_size=2933 bytes, uncompressed_size=13294 bytes)
[debug] [2026-07-03T13:02:18.510Z] [unzip] Processing entry: client\favicon.ico
[debug] [2026-07-03T13:02:18.510Z] [unzip] else mkdir: C:\Users\Tibra's\.cache\firebase\emulators\ui-v1.15.0\client
[debug] [2026-07-03T13:02:18.510Z] [unzip] deflating: C:\Users\Tibra's\.cache\firebase\emulators\ui-v1.15.0\client\favicon.ico
[debug] [2026-07-03T13:02:18.511Z] [unzip] Entry: client/index.html (compressed_size=1364 bytes, uncompressed_size=3071 bytes)
[debug] [2026-07-03T13:02:18.511Z] [unzip] Processing entry: client\index.html
[debug] [2026-07-03T13:02:18.511Z] [unzip] else mkdir: C:\Users\Tibra's\.cache\firebase\emulators\ui-v1.15.0\client
[debug] [2026-07-03T13:02:18.512Z] [unzip] deflating: C:\Users\Tibra's\.cache\firebase\emulators\ui-v1.15.0\client\index.html
[debug] [2026-07-03T13:02:18.514Z] [unzip] Entry: client/android-chrome-192x192.png (compressed_size=2684 bytes, uncompressed_size=2684 bytes)
[debug] [2026-07-03T13:02:18.514Z] [unzip] Processing entry: client\android-chrome-192x192.png
[debug] [2026-07-03T13:02:18.514Z] [unzip] else mkdir: C:\Users\Tibra's\.cache\firebase\emulators\ui-v1.15.0\client
[debug] [2026-07-03T13:02:18.515Z] [unzip] Writing file: C:\Users\Tibra's\.cache\firebase\emulators\ui-v1.15.0\client\android-chrome-192x192.png
[debug] [2026-07-03T13:02:18.516Z] [unzip] Entry: client/apple-touch-icon.png (compressed_size=2123 bytes, uncompressed_size=2152 bytes)
[debug] [2026-07-03T13:02:18.516Z] [unzip] Processing entry: client\apple-touch-icon.png
[debug] [2026-07-03T13:02:18.516Z] [unzip] else mkdir: C:\Users\Tibra's\.cache\firebase\emulators\ui-v1.15.0\client
[debug] [2026-07-03T13:02:18.516Z] [unzip] deflating: C:\Users\Tibra's\.cache\firebase\emulators\ui-v1.15.0\client\apple-touch-icon.png
[debug] [2026-07-03T13:02:18.522Z] [unzip] Entry: client/android-chrome-512x512.png (compressed_size=5369 bytes, uncompressed_size=5411 bytes)
[debug] [2026-07-03T13:02:18.522Z] [unzip] Processing entry: client\android-chrome-512x512.png
[debug] [2026-07-03T13:02:18.522Z] [unzip] else mkdir: C:\Users\Tibra's\.cache\firebase\emulators\ui-v1.15.0\client
[debug] [2026-07-03T13:02:18.523Z] [unzip] deflating: C:\Users\Tibra's\.cache\firebase\emulators\ui-v1.15.0\client\android-chrome-512x512.png
[debug] [2026-07-03T13:02:18.528Z] [unzip] Entry: client/manifest.json (compressed_size=245 bytes, uncompressed_size=551 bytes)
[debug] [2026-07-03T13:02:18.528Z] [unzip] Processing entry: client\manifest.json
[debug] [2026-07-03T13:02:18.528Z] [unzip] else mkdir: C:\Users\Tibra's\.cache\firebase\emulators\ui-v1.15.0\client
[debug] [2026-07-03T13:02:18.528Z] [unzip] deflating: C:\Users\Tibra's\.cache\firebase\emulators\ui-v1.15.0\client\manifest.json
[debug] [2026-07-03T13:02:18.529Z] [unzip] Entry: client/robots.txt (compressed_size=26 bytes, uncompressed_size=26 bytes)
[debug] [2026-07-03T13:02:18.529Z] [unzip] Processing entry: client\robots.txt
[debug] [2026-07-03T13:02:18.529Z] [unzip] else mkdir: C:\Users\Tibra's\.cache\firebase\emulators\ui-v1.15.0\client
[debug] [2026-07-03T13:02:18.530Z] [unzip] Writing file: C:\Users\Tibra's\.cache\firebase\emulators\ui-v1.15.0\client\robots.txt
[debug] [2026-07-03T13:02:18.531Z] [unzip] Entry: client/mstile-150x150.png (compressed_size=2034 bytes, uncompressed_size=2034 bytes)
[debug] [2026-07-03T13:02:18.531Z] [unzip] Processing entry: client\mstile-150x150.png
[debug] [2026-07-03T13:02:18.531Z] [unzip] else mkdir: C:\Users\Tibra's\.cache\firebase\emulators\ui-v1.15.0\client
[debug] [2026-07-03T13:02:18.531Z] [unzip] Writing file: C:\Users\Tibra's\.cache\firebase\emulators\ui-v1.15.0\client\mstile-150x150.png
[debug] [2026-07-03T13:02:18.532Z] [unzip] Entry: client/assets/ (compressed_size=0 bytes, uncompressed_size=0 bytes)
[debug] [2026-07-03T13:02:18.532Z] [unzip] Processing entry: client\assets\
[debug] [2026-07-03T13:02:18.532Z] [unzip] mkdir: C:\Users\Tibra's\.cache\firebase\emulators\ui-v1.15.0\client\assets\
[debug] [2026-07-03T13:02:18.532Z] [unzip] Entry: client/assets/index-BX-A56oj.js (compressed_size=582089 bytes, uncompressed_size=2092775 bytes)
[debug] [2026-07-03T13:02:18.532Z] [unzip] Processing entry: client\assets\index-BX-A56oj.js
[debug] [2026-07-03T13:02:18.532Z] [unzip] else mkdir: C:\Users\Tibra's\.cache\firebase\emulators\ui-v1.15.0\client\assets
[debug] [2026-07-03T13:02:18.533Z] [unzip] deflating: C:\Users\Tibra's\.cache\firebase\emulators\ui-v1.15.0\client\assets\index-BX-A56oj.js
[debug] [2026-07-03T13:02:18.544Z] [unzip] Entry: client/assets/index-CjB9C900.css (compressed_size=35979 bytes, uncompressed_size=298654 bytes)
[debug] [2026-07-03T13:02:18.544Z] [unzip] Processing entry: client\assets\index-CjB9C900.css
[debug] [2026-07-03T13:02:18.544Z] [unzip] else mkdir: C:\Users\Tibra's\.cache\firebase\emulators\ui-v1.15.0\client\assets
[debug] [2026-07-03T13:02:18.544Z] [unzip] deflating: C:\Users\Tibra's\.cache\firebase\emulators\ui-v1.15.0\client\assets\index-CjB9C900.css
[debug] [2026-07-03T13:02:18.546Z] [unzip] Entry: client/assets/index-BX-A56oj.js.map (compressed_size=2362482 bytes, uncompressed_size=10036679 bytes)
[debug] [2026-07-03T13:02:18.546Z] [unzip] Processing entry: client\assets\index-BX-A56oj.js.map
[debug] [2026-07-03T13:02:18.546Z] [unzip] else mkdir: C:\Users\Tibra's\.cache\firebase\emulators\ui-v1.15.0\client\assets
[debug] [2026-07-03T13:02:18.547Z] [unzip] deflating: C:\Users\Tibra's\.cache\firebase\emulators\ui-v1.15.0\client\assets\index-BX-A56oj.js.map
[debug] [2026-07-03T13:02:18.599Z] [unzip] Entry: client/assets/extensions/ (compressed_size=0 bytes, uncompressed_size=0 bytes)
[debug] [2026-07-03T13:02:18.599Z] [unzip] Processing entry: client\assets\extensions\
[debug] [2026-07-03T13:02:18.599Z] [unzip] mkdir: C:\Users\Tibra's\.cache\firebase\emulators\ui-v1.15.0\client\assets\extensions\
[debug] [2026-07-03T13:02:18.600Z] [unzip] Entry: client/assets/extensions/default-extension.png (compressed_size=1646 bytes, uncompressed_size=1657 bytes)
[debug] [2026-07-03T13:02:18.600Z] [unzip] Processing entry: client\assets\extensions\default-extension.png
[debug] [2026-07-03T13:02:18.600Z] [unzip] else mkdir: C:\Users\Tibra's\.cache\firebase\emulators\ui-v1.15.0\client\assets\extensions
[debug] [2026-07-03T13:02:18.600Z] [unzip] deflating: C:\Users\Tibra's\.cache\firebase\emulators\ui-v1.15.0\client\assets\extensions\default-extension.png
[debug] [2026-07-03T13:02:18.601Z] [unzip] Entry: client/assets/img/ (compressed_size=0 bytes, uncompressed_size=0 bytes)
[debug] [2026-07-03T13:02:18.601Z] [unzip] Processing entry: client\assets\img\
[debug] [2026-07-03T13:02:18.601Z] [unzip] mkdir: C:\Users\Tibra's\.cache\firebase\emulators\ui-v1.15.0\client\assets\img\
[debug] [2026-07-03T13:02:18.602Z] [unzip] Entry: client/assets/img/database.png (compressed_size=29449 bytes, uncompressed_size=29988 bytes)
[debug] [2026-07-03T13:02:18.602Z] [unzip] Processing entry: client\assets\img\database.png
[debug] [2026-07-03T13:02:18.602Z] [unzip] else mkdir: C:\Users\Tibra's\.cache\firebase\emulators\ui-v1.15.0\client\assets\img
[debug] [2026-07-03T13:02:18.602Z] [unzip] deflating: C:\Users\Tibra's\.cache\firebase\emulators\ui-v1.15.0\client\assets\img\database.png
[debug] [2026-07-03T13:02:18.603Z] [unzip] Entry: client/assets/provider-icons/ (compressed_size=0 bytes, uncompressed_size=0 bytes)
[debug] [2026-07-03T13:02:18.603Z] [unzip] Processing entry: client\assets\provider-icons\
[debug] [2026-07-03T13:02:18.603Z] [unzip] mkdir: C:\Users\Tibra's\.cache\firebase\emulators\ui-v1.15.0\client\assets\provider-icons\
[debug] [2026-07-03T13:02:18.603Z] [unzip] Entry: client/assets/provider-icons/auth_service_saml.svg (compressed_size=575 bytes, uncompressed_size=1226 bytes)
[debug] [2026-07-03T13:02:18.603Z] [unzip] Processing entry: client\assets\provider-icons\auth_service_saml.svg
[debug] [2026-07-03T13:02:18.603Z] [unzip] else mkdir: C:\Users\Tibra's\.cache\firebase\emulators\ui-v1.15.0\client\assets\provider-icons
[debug] [2026-07-03T13:02:18.603Z] [unzip] deflating: C:\Users\Tibra's\.cache\firebase\emulators\ui-v1.15.0\client\assets\provider-icons\auth_service_saml.svg
[debug] [2026-07-03T13:02:18.604Z] [unzip] Entry: client/assets/provider-icons/auth_service_phone.svg (compressed_size=261 bytes, uncompressed_size=414 bytes)
[debug] [2026-07-03T13:02:18.604Z] [unzip] Processing entry: client\assets\provider-icons\auth_service_phone.svg
[debug] [2026-07-03T13:02:18.604Z] [unzip] else mkdir: C:\Users\Tibra's\.cache\firebase\emulators\ui-v1.15.0\client\assets\provider-icons
[debug] [2026-07-03T13:02:18.604Z] [unzip] deflating: C:\Users\Tibra's\.cache\firebase\emulators\ui-v1.15.0\client\assets\provider-icons\auth_service_phone.svg
[debug] [2026-07-03T13:02:18.605Z] [unzip] Entry: client/assets/provider-icons/auth_service_facebook.svg (compressed_size=289 bytes, uncompressed_size=457 bytes)
[debug] [2026-07-03T13:02:18.605Z] [unzip] Processing entry: client\assets\provider-icons\auth_service_facebook.svg
[debug] [2026-07-03T13:02:18.605Z] [unzip] else mkdir: C:\Users\Tibra's\.cache\firebase\emulators\ui-v1.15.0\client\assets\provider-icons
[debug] [2026-07-03T13:02:18.606Z] [unzip] deflating: C:\Users\Tibra's\.cache\firebase\emulators\ui-v1.15.0\client\assets\provider-icons\auth_service_facebook.svg
[debug] [2026-07-03T13:02:18.606Z] [unzip] Entry: client/assets/provider-icons/auth_service_game_center.svg (compressed_size=991 bytes, uncompressed_size=3921 bytes)
[debug] [2026-07-03T13:02:18.606Z] [unzip] Processing entry: client\assets\provider-icons\auth_service_game_center.svg
[debug] [2026-07-03T13:02:18.606Z] [unzip] else mkdir: C:\Users\Tibra's\.cache\firebase\emulators\ui-v1.15.0\client\assets\provider-icons
[debug] [2026-07-03T13:02:18.607Z] [unzip] deflating: C:\Users\Tibra's\.cache\firebase\emulators\ui-v1.15.0\client\assets\provider-icons\auth_service_game_center.svg
[debug] [2026-07-03T13:02:18.607Z] [unzip] Entry: client/assets/provider-icons/auth_service_apple.svg (compressed_size=230 bytes, uncompressed_size=334 bytes)
[debug] [2026-07-03T13:02:18.607Z] [unzip] Processing entry: client\assets\provider-icons\auth_service_apple.svg
[debug] [2026-07-03T13:02:18.607Z] [unzip] else mkdir: C:\Users\Tibra's\.cache\firebase\emulators\ui-v1.15.0\client\assets\provider-icons
[debug] [2026-07-03T13:02:18.608Z] [unzip] deflating: C:\Users\Tibra's\.cache\firebase\emulators\ui-v1.15.0\client\assets\provider-icons\auth_service_apple.svg
[debug] [2026-07-03T13:02:18.608Z] [unzip] Entry: client/assets/provider-icons/auth_service_github.svg (compressed_size=466 bytes, uncompressed_size=838 bytes)
[debug] [2026-07-03T13:02:18.608Z] [unzip] Processing entry: client\assets\provider-icons\auth_service_github.svg
[debug] [2026-07-03T13:02:18.608Z] [unzip] else mkdir: C:\Users\Tibra's\.cache\firebase\emulators\ui-v1.15.0\client\assets\provider-icons
[debug] [2026-07-03T13:02:18.609Z] [unzip] deflating: C:\Users\Tibra's\.cache\firebase\emulators\ui-v1.15.0\client\assets\provider-icons\auth_service_github.svg
[debug] [2026-07-03T13:02:18.609Z] [unzip] Entry: client/assets/provider-icons/auth_service_mslive.svg (compressed_size=203 bytes, uncompressed_size=378 bytes)
[debug] [2026-07-03T13:02:18.609Z] [unzip] Processing entry: client\assets\provider-icons\auth_service_mslive.svg
[debug] [2026-07-03T13:02:18.609Z] [unzip] else mkdir: C:\Users\Tibra's\.cache\firebase\emulators\ui-v1.15.0\client\assets\provider-icons
[debug] [2026-07-03T13:02:18.610Z] [unzip] deflating: C:\Users\Tibra's\.cache\firebase\emulators\ui-v1.15.0\client\assets\provider-icons\auth_service_mslive.svg
[debug] [2026-07-03T13:02:18.610Z] [unzip] Entry: client/assets/provider-icons/auth_service_yahoo.svg (compressed_size=577 bytes, uncompressed_size=1182 bytes)
[debug] [2026-07-03T13:02:18.610Z] [unzip] Processing entry: client\assets\provider-icons\auth_service_yahoo.svg
[debug] [2026-07-03T13:02:18.610Z] [unzip] else mkdir: C:\Users\Tibra's\.cache\firebase\emulators\ui-v1.15.0\client\assets\provider-icons
[debug] [2026-07-03T13:02:18.611Z] [unzip] deflating: C:\Users\Tibra's\.cache\firebase\emulators\ui-v1.15.0\client\assets\provider-icons\auth_service_yahoo.svg
[debug] [2026-07-03T13:02:18.611Z] [unzip] Entry: client/assets/provider-icons/auth_service_twitter.svg (compressed_size=444 bytes, uncompressed_size=751 bytes)
[debug] [2026-07-03T13:02:18.611Z] [unzip] Processing entry: client\assets\provider-icons\auth_service_twitter.svg
[debug] [2026-07-03T13:02:18.611Z] [unzip] else mkdir: C:\Users\Tibra's\.cache\firebase\emulators\ui-v1.15.0\client\assets\provider-icons
[debug] [2026-07-03T13:02:18.612Z] [unzip] deflating: C:\Users\Tibra's\.cache\firebase\emulators\ui-v1.15.0\client\assets\provider-icons\auth_service_twitter.svg
[debug] [2026-07-03T13:02:18.620Z] [unzip] Entry: client/assets/provider-icons/auth_service_play_games.svg (compressed_size=565 bytes, uncompressed_size=1173 bytes)
[debug] [2026-07-03T13:02:18.620Z] [unzip] Processing entry: client\assets\provider-icons\auth_service_play_games.svg
[debug] [2026-07-03T13:02:18.620Z] [unzip] else mkdir: C:\Users\Tibra's\.cache\firebase\emulators\ui-v1.15.0\client\assets\provider-icons
[debug] [2026-07-03T13:02:18.620Z] [unzip] deflating: C:\Users\Tibra's\.cache\firebase\emulators\ui-v1.15.0\client\assets\provider-icons\auth_service_play_games.svg
[debug] [2026-07-03T13:02:18.621Z] [unzip] Entry: client/assets/provider-icons/auth_service_email.svg (compressed_size=228 bytes, uncompressed_size=326 bytes)
[debug] [2026-07-03T13:02:18.621Z] [unzip] Processing entry: client\assets\provider-icons\auth_service_email.svg
[debug] [2026-07-03T13:02:18.621Z] [unzip] else mkdir: C:\Users\Tibra's\.cache\firebase\emulators\ui-v1.15.0\client\assets\provider-icons
[debug] [2026-07-03T13:02:18.622Z] [unzip] deflating: C:\Users\Tibra's\.cache\firebase\emulators\ui-v1.15.0\client\assets\provider-icons\auth_service_email.svg
[debug] [2026-07-03T13:02:18.623Z] [unzip] Entry: client/assets/provider-icons/auth_service_google.svg (compressed_size=409 bytes, uncompressed_size=720 bytes)
[debug] [2026-07-03T13:02:18.623Z] [unzip] Processing entry: client\assets\provider-icons\auth_service_google.svg
[debug] [2026-07-03T13:02:18.623Z] [unzip] else mkdir: C:\Users\Tibra's\.cache\firebase\emulators\ui-v1.15.0\client\assets\provider-icons
[debug] [2026-07-03T13:02:18.623Z] [unzip] deflating: C:\Users\Tibra's\.cache\firebase\emulators\ui-v1.15.0\client\assets\provider-icons\auth_service_google.svg
[debug] [2026-07-03T13:02:18.624Z] [unzip] Entry: client/assets/provider-icons/auth_service_oidc.svg (compressed_size=414 bytes, uncompressed_size=858 bytes)
[debug] [2026-07-03T13:02:18.624Z] [unzip] Processing entry: client\assets\provider-icons\auth_service_oidc.svg
[debug] [2026-07-03T13:02:18.624Z] [unzip] else mkdir: C:\Users\Tibra's\.cache\firebase\emulators\ui-v1.15.0\client\assets\provider-icons
[debug] [2026-07-03T13:02:18.625Z] [unzip] deflating: C:\Users\Tibra's\.cache\firebase\emulators\ui-v1.15.0\client\assets\provider-icons\auth_service_oidc.svg
[debug] [2026-07-03T13:02:18.625Z] [unzip] Entry: client/browserconfig.xml (compressed_size=491 bytes, uncompressed_size=822 bytes)
[debug] [2026-07-03T13:02:18.625Z] [unzip] Processing entry: client\browserconfig.xml
[debug] [2026-07-03T13:02:18.626Z] [unzip] else mkdir: C:\Users\Tibra's\.cache\firebase\emulators\ui-v1.15.0\client
[debug] [2026-07-03T13:02:18.626Z] [unzip] deflating: C:\Users\Tibra's\.cache\firebase\emulators\ui-v1.15.0\client\browserconfig.xml
[debug] [2026-07-03T13:02:18.627Z] [unzip] Entry: client/favicon-32x32.png (compressed_size=475 bytes, uncompressed_size=475 bytes)
[debug] [2026-07-03T13:02:18.627Z] [unzip] Processing entry: client\favicon-32x32.png
[debug] [2026-07-03T13:02:18.627Z] [unzip] else mkdir: C:\Users\Tibra's\.cache\firebase\emulators\ui-v1.15.0\client
[debug] [2026-07-03T13:02:18.627Z] [unzip] Writing file: C:\Users\Tibra's\.cache\firebase\emulators\ui-v1.15.0\client\favicon-32x32.png
[debug] [2026-07-03T13:02:18.628Z] [unzip] Entry: server/ (compressed_size=0 bytes, uncompressed_size=0 bytes)
[debug] [2026-07-03T13:02:18.628Z] [unzip] Processing entry: server\
[debug] [2026-07-03T13:02:18.628Z] [unzip] mkdir: C:\Users\Tibra's\.cache\firebase\emulators\ui-v1.15.0\server\
[debug] [2026-07-03T13:02:18.628Z] [unzip] Entry: server/server.mjs.map (compressed_size=217845 bytes, uncompressed_size=944978 bytes)
[debug] [2026-07-03T13:02:18.628Z] [unzip] Processing entry: server\server.mjs.map
[debug] [2026-07-03T13:02:18.628Z] [unzip] else mkdir: C:\Users\Tibra's\.cache\firebase\emulators\ui-v1.15.0\server
[debug] [2026-07-03T13:02:18.628Z] [unzip] deflating: C:\Users\Tibra's\.cache\firebase\emulators\ui-v1.15.0\server\server.mjs.map
[debug] [2026-07-03T13:02:18.633Z] [unzip] Entry: server/server.mjs (compressed_size=276407 bytes, uncompressed_size=933701 bytes)
[debug] [2026-07-03T13:02:18.633Z] [unzip] Processing entry: server\server.mjs
[debug] [2026-07-03T13:02:18.633Z] [unzip] else mkdir: C:\Users\Tibra's\.cache\firebase\emulators\ui-v1.15.0\server
[debug] [2026-07-03T13:02:18.633Z] [unzip] deflating: C:\Users\Tibra's\.cache\firebase\emulators\ui-v1.15.0\server\server.mjs
[info] i  functions: Watching "U:\Mehul Work\Scripts\DurgaSareesApp\functions" for Cloud Functions... {"metadata":{"emulator":{"name":"functions"},"message":"Watching \"U:\\Mehul Work\\Scripts\\DurgaSareesApp\\functions\" for Cloud Functions..."}}
[debug] [2026-07-03T13:02:18.959Z] Validating nodejs source
[warn] !  functions: package.json indicates an outdated version of firebase-functions. Please upgrade using npm install --save firebase-functions@latest in your functions directory. 
[warn] !  functions: Please note that there will be breaking changes when you upgrade. 
[debug] [2026-07-03T13:02:26.603Z] > [functions] package.json contents: {
  "name": "functions",
  "description": "Cloud Functions for Firebase",
  "scripts": {
    "serve": "firebase emulators:start --only functions",
    "shell": "firebase functions:shell",
    "start": "npm run shell",
    "deploy": "firebase deploy --only functions",
    "logs": "firebase functions:log"
  },
  "engines": {
    "node": "24"
  },
  "main": "index.js",
  "dependencies": {
    "axios": "^1.18.1",
    "cloudinary": "^2.10.0",
    "firebase-admin": "^13.6.0",
    "firebase-functions": "^6.0.0"
  },
  "devDependencies": {
    "firebase-functions-test": "^3.4.1"
  },
  "private": true
}
[debug] [2026-07-03T13:02:26.671Z] Building nodejs source
[debug] [2026-07-03T13:02:26.672Z] Failed to find version of module node: reached end of search path U:\Mehul Work\Scripts\DurgaSareesApp\functions\node_modules
[info] +  functions: Using node@24 from host. 
[info] i  functions: Loaded environment variables from .env. 
[debug] [2026-07-03T13:02:27.083Z] Could not find functions.yaml. Must use http discovery
[debug] [2026-07-03T13:02:27.768Z] Found firebase-functions binary at 'U:\Mehul Work\Scripts\DurgaSareesApp\functions\node_modules\.bin\firebase-functions'
[debug] [2026-07-03T13:02:38.207Z] Failed to call quitquitquit. This often means the server failed to start request to http://localhost:8499/__/quitquitquit failed, reason:  {"message":"request to http://localhost:8499/__/quitquitquit failed, reason: ","type":"system","errno":"ECONNREFUSED","code":"ECONNREFUSED"}
[error] !!  functions: Failed to load function definition from source: FirebaseError: User code failed to load. Cannot determine backend specification. Timeout after 10000. See https://firebase.google.com/docs/functions/tips#avoid_deployment_timeouts_during_initialization' {"metadata":{"emulator":{"name":"functions"},"message":"Failed to load function definition from source: FirebaseError: User code failed to load. Cannot determine backend specification. Timeout after 10000. See https://firebase.google.com/docs/functions/tips#avoid_deployment_timeouts_during_initialization'"}}
[debug] [2026-07-03T13:02:48.236Z] Could not find VSCode notification endpoint: FetchError: request to http://localhost:40001/vscode/notify failed, reason: . If you are not running the Firebase SQL Connect VSCode extension, this is expected and not an issue.
[info] 
┌─────────────────────────────────────────────────────────────┐
│ ✔  All emulators ready! It is now safe to connect your app. │
│ i  View Emulator UI at http://127.0.0.1:4000/               │
└─────────────────────────────────────────────────────────────┘

┌───────────┬────────────────┬─────────────────────────────────┐
│ Emulator  │ Host:Port      │ View in Emulator UI             │
├───────────┼────────────────┼─────────────────────────────────┤
│ Functions │ 127.0.0.1:5001 │ http://127.0.0.1:4000/functions │
└───────────┴────────────────┴─────────────────────────────────┘
  Emulator Hub host: 127.0.0.1 port: 4400
  Other reserved ports: 4500

Issues? Report them at https://github.com/firebase/firebase-tools/issues and attach the *-debug.log files.
 
[debug] [2026-07-03T13:02:50.447Z] Error: UNKNOWN: unknown error, watch
    at FSWatcher._handle.onchange (node:internal/fs/watchers:267:21)
[error] 
[error] Error: An unexpected error has occurred.
[debug] [2026-07-03T13:02:50.485Z] Error: UNKNOWN: unknown error, watch
    at FSWatcher._handle.onchange (node:internal/fs/watchers:267:21)
[error] 
[error] Error: An unexpected error has occurred.
[debug] [2026-07-03T13:02:50.532Z] Error: UNKNOWN: unknown error, watch
    at FSWatcher._handle.onchange (node:internal/fs/watchers:267:21)
[error] 
[error] Error: An unexpected error has occurred.
[debug] [2026-07-03T13:02:50.563Z] Error: UNKNOWN: unknown error, watch
    at FSWatcher._handle.onchange (node:internal/fs/watchers:267:21)
[error] 
[error] Error: An unexpected error has occurred.
