[debug] [2026-07-04T18:07:36.932Z] ----------------------------------------------------------------------
[debug] [2026-07-04T18:07:36.935Z] Command:       C:\Program Files\nodejs\node.exe C:\Users\Tibra's\AppData\Roaming\npm\node_modules\firebase-tools\lib\bin\firebase.js deploy --only functions
[debug] [2026-07-04T18:07:36.935Z] CLI Version:   15.22.4
[debug] [2026-07-04T18:07:36.935Z] Platform:      win32
[debug] [2026-07-04T18:07:36.935Z] Node Version:  v24.16.0
[debug] [2026-07-04T18:07:36.935Z] Detected Agent: antigravity
[debug] [2026-07-04T18:07:36.935Z] Time:          Sat Jul 04 2026 23:37:36 GMT+0530 (India Standard Time)
[debug] [2026-07-04T18:07:36.935Z] ----------------------------------------------------------------------
[debug] 
[debug] [2026-07-04T18:07:43.032Z] > command requires scopes: ["email","openid","https://www.googleapis.com/auth/cloudplatformprojects.readonly","https://www.googleapis.com/auth/firebase","https://www.googleapis.com/auth/cloud-platform"]
[debug] [2026-07-04T18:07:43.032Z] > authorizing via signed-in user (mehultibra@gmail.com)
[debug] [2026-07-04T18:07:43.032Z] [iam] checking project durga-sarees for permissions ["cloudfunctions.functions.create","cloudfunctions.functions.delete","cloudfunctions.functions.get","cloudfunctions.functions.list","cloudfunctions.functions.update","cloudfunctions.operations.get","firebase.projects.get"]
[debug] [2026-07-04T18:07:43.035Z] Checked if tokens are valid: false, expires at: 1783183642575
[debug] [2026-07-04T18:07:43.035Z] Checked if tokens are valid: false, expires at: 1783183642575
[debug] [2026-07-04T18:07:43.035Z] > refreshing access token with scopes: []
[debug] [2026-07-04T18:07:43.040Z] >>> [apiv2][query] POST https://www.googleapis.com/oauth2/v3/token [none]
[debug] [2026-07-04T18:07:43.040Z] >>> [apiv2][body] POST https://www.googleapis.com/oauth2/v3/token [omitted]
[debug] [2026-07-04T18:07:43.247Z] <<< [apiv2][status] POST https://www.googleapis.com/oauth2/v3/token 200
[debug] [2026-07-04T18:07:43.247Z] <<< [apiv2][body] POST https://www.googleapis.com/oauth2/v3/token [omitted]
[debug] [2026-07-04T18:07:43.261Z] >>> [apiv2][query] POST https://cloudresourcemanager.googleapis.com/v1/projects/durga-sarees:testIamPermissions [none]
[debug] [2026-07-04T18:07:43.261Z] >>> [apiv2][(partial)header] POST https://cloudresourcemanager.googleapis.com/v1/projects/durga-sarees:testIamPermissions  x-goog-user-project=durga-sarees
[debug] [2026-07-04T18:07:43.261Z] >>> [apiv2][body] POST https://cloudresourcemanager.googleapis.com/v1/projects/durga-sarees:testIamPermissions {"permissions":["cloudfunctions.functions.create","cloudfunctions.functions.delete","cloudfunctions.functions.get","cloudfunctions.functions.list","cloudfunctions.functions.update","cloudfunctions.operations.get","firebase.projects.get"]}
[debug] [2026-07-04T18:07:44.655Z] <<< [apiv2][status] POST https://cloudresourcemanager.googleapis.com/v1/projects/durga-sarees:testIamPermissions 200
[debug] [2026-07-04T18:07:44.655Z] <<< [apiv2][body] POST https://cloudresourcemanager.googleapis.com/v1/projects/durga-sarees:testIamPermissions {"permissions":["cloudfunctions.functions.create","cloudfunctions.functions.delete","cloudfunctions.functions.get","cloudfunctions.functions.list","cloudfunctions.functions.update","cloudfunctions.operations.get","firebase.projects.get"]}
[debug] [2026-07-04T18:07:44.655Z] Checked if tokens are valid: true, expires at: 1783192062247
[debug] [2026-07-04T18:07:44.655Z] Checked if tokens are valid: true, expires at: 1783192062247
[debug] [2026-07-04T18:07:44.655Z] >>> [apiv2][query] POST https://iam.googleapis.com/v1/projects/durga-sarees/serviceAccounts/durga-sarees@appspot.gserviceaccount.com:testIamPermissions [none]
[debug] [2026-07-04T18:07:44.655Z] >>> [apiv2][body] POST https://iam.googleapis.com/v1/projects/durga-sarees/serviceAccounts/durga-sarees@appspot.gserviceaccount.com:testIamPermissions {"permissions":["iam.serviceAccounts.actAs"]}
[debug] [2026-07-04T18:07:46.367Z] <<< [apiv2][status] POST https://iam.googleapis.com/v1/projects/durga-sarees/serviceAccounts/durga-sarees@appspot.gserviceaccount.com:testIamPermissions 200
[debug] [2026-07-04T18:07:46.367Z] <<< [apiv2][body] POST https://iam.googleapis.com/v1/projects/durga-sarees/serviceAccounts/durga-sarees@appspot.gserviceaccount.com:testIamPermissions {"permissions":["iam.serviceAccounts.actAs"]}
[info] 
[info] === Deploying to 'durga-sarees'...
[info] 
[info] i  deploying functions 
[debug] [2026-07-04T18:07:46.370Z] Checked if tokens are valid: true, expires at: 1783192062247
[debug] [2026-07-04T18:07:46.370Z] Checked if tokens are valid: true, expires at: 1783192062247
[debug] [2026-07-04T18:07:46.370Z] >>> [apiv2][query] GET https://cloudresourcemanager.googleapis.com/v1/projects/durga-sarees [none]
[debug] [2026-07-04T18:07:46.665Z] <<< [apiv2][status] GET https://cloudresourcemanager.googleapis.com/v1/projects/durga-sarees 200
[debug] [2026-07-04T18:07:46.665Z] <<< [apiv2][body] GET https://cloudresourcemanager.googleapis.com/v1/projects/durga-sarees {"projectNumber":"324119177694","projectId":"durga-sarees","lifecycleState":"ACTIVE","name":"DURGA SAREES","labels":{"firebase":"enabled","firebase-core":"disabled"},"createTime":"2026-06-04T05:17:08.824Z"}
[info] i  functions: preparing codebase default for deployment 
[info] i  functions: ensuring required API cloudfunctions.googleapis.com is enabled... 
[info] i  functions: ensuring required API cloudbuild.googleapis.com is enabled... 
[info] i  artifactregistry: ensuring required API artifactregistry.googleapis.com is enabled... 
[debug] [2026-07-04T18:07:46.679Z] Checked if tokens are valid: true, expires at: 1783192062247
[debug] [2026-07-04T18:07:46.679Z] Checked if tokens are valid: true, expires at: 1783192062247
[debug] [2026-07-04T18:07:46.680Z] >>> [apiv2][query] GET https://firebase.googleapis.com/v1beta1/projects/durga-sarees/adminSdkConfig [none]
[debug] [2026-07-04T18:07:47.546Z] <<< [apiv2][status] GET https://firebase.googleapis.com/v1beta1/projects/durga-sarees/adminSdkConfig 200
[debug] [2026-07-04T18:07:47.546Z] <<< [apiv2][body] GET https://firebase.googleapis.com/v1beta1/projects/durga-sarees/adminSdkConfig {"projectId":"durga-sarees","storageBucket":"durga-sarees.firebasestorage.app"}
[debug] [2026-07-04T18:07:47.819Z] Validating nodejs source
[warn] !  functions: Runtime Node.js 20 was deprecated on 2026-04-30 and will be decommissioned on 2026-10-30, after which you will not be able to deploy without upgrading. Consider upgrading now to avoid disruption. See https://cloud.google.com/functions/docs/runtime-support for full details on the lifecycle policy 
[warn] !  functions: package.json indicates an outdated version of firebase-functions. Please upgrade using npm install --save firebase-functions@latest in your functions directory. 
[warn] !  functions: Please note that there will be breaking changes when you upgrade. 
[debug] [2026-07-04T18:07:50.879Z] > [functions] package.json contents: {
  "name": "functions",
  "description": "Cloud Functions for Firebase",
  "scripts": {
    "serve": "firebase emulators:start --only functions",
    "shell": "firebase functions:shell",
    "start": "npm run shell",
    "deploy": "firebase deploy --only functions",
    "logs": "firebase functions:log"
  },
  "engines": {
    "node": "20"
  },
  "main": "index.js",
  "dependencies": {
    "axios": "^1.18.1",
    "cloudinary": "^2.10.0",
    "firebase-admin": "^13.6.0",
    "firebase-functions": "^6.0.0",
    "piexifjs": "^1.0.6"
  },
  "devDependencies": {
    "firebase-functions-test": "^3.4.1"
  },
  "private": true
}
[debug] [2026-07-04T18:07:50.974Z] Building nodejs source
[info] i  functions: Loading and analyzing source code for codebase default to determine what to deploy 
[debug] [2026-07-04T18:07:51.007Z] Could not find functions.yaml. Must use http discovery
[debug] [2026-07-04T18:07:51.239Z] Found firebase-functions binary at 'U:\Mehul Work\Scripts\DurgaSareesApp\functions\node_modules\.bin\firebase-functions'
